ERROR - 2025-08-19 12:23:10 --> mysqli_sql_exception: Duplicate entry 'admin@example.com' for key 'email' in D:\xampp\htdocs\ITE311-SIGNAR\system\Database\MySQLi\Connection.php:327
Stack trace:
#0 D:\xampp\htdocs\ITE311-SIGNAR\system\Database\MySQLi\Connection.php(327): mysqli->query('INSERT INTO `us...', 0)
#1 D:\xampp\htdocs\ITE311-SIGNAR\system\Database\BaseConnection.php(729): CodeIgniter\Database\MySQLi\Connection->execute('INSERT INTO `us...')
#2 D:\xampp\htdocs\ITE311-SIGNAR\system\Database\BaseConnection.php(646): CodeIgniter\Database\BaseConnection->simpleQuery('INSERT INTO `us...')
#3 D:\xampp\htdocs\ITE311-SIGNAR\system\Database\BaseBuilder.php(1841): CodeIgniter\Database\BaseConnection->query('INSERT INTO `us...', NULL, false)
#4 D:\xampp\htdocs\ITE311-SIGNAR\system\Database\BaseBuilder.php(2230): CodeIgniter\Database\BaseBuilder->batchExecute('_insertBatch', 100)
#5 D:\xampp\htdocs\ITE311-SIGNAR\app\Database\Seeds\UserSeeder.php(32): CodeIgniter\Database\BaseBuilder->insertBatch(Array)
#6 D:\xampp\htdocs\ITE311-SIGNAR\system\Database\Seeder.php(149): App\Database\Seeds\UserSeeder->run()
#7 D:\xampp\htdocs\ITE311-SIGNAR\system\Commands\Database\Seed.php(79): CodeIgniter\Database\Seeder->call('App\\Database\\Se...')
#8 D:\xampp\htdocs\ITE311-SIGNAR\system\CLI\Commands.php(74): CodeIgniter\Commands\Database\Seed->run(Array)
#9 D:\xampp\htdocs\ITE311-SIGNAR\system\CLI\Console.php(47): CodeIgniter\CLI\Commands->run('db:seed', Array)
#10 D:\xampp\htdocs\ITE311-SIGNAR\system\Boot.php(388): CodeIgniter\CLI\Console->run()
#11 D:\xampp\htdocs\ITE311-SIGNAR\system\Boot.php(133): CodeIgniter\Boot::runCommand(Object(CodeIgniter\CLI\Console))
#12 D:\xampp\htdocs\ITE311-SIGNAR\spark(87): CodeIgniter\Boot::bootSpark(Object(Config\Paths))
#13 {main}
ERROR - 2025-08-19 12:23:11 --> mysqli_sql_exception: Unknown column 'answer' in 'field list' in D:\xampp\htdocs\ITE311-SIGNAR\system\Database\MySQLi\Connection.php:327
Stack trace:
#0 D:\xampp\htdocs\ITE311-SIGNAR\system\Database\MySQLi\Connection.php(327): mysqli->query('INSERT INTO `qu...', 0)
#1 D:\xampp\htdocs\ITE311-SIGNAR\system\Database\BaseConnection.php(729): CodeIgniter\Database\MySQLi\Connection->execute('INSERT INTO `qu...')
#2 D:\xampp\htdocs\ITE311-SIGNAR\system\Database\BaseConnection.php(646): CodeIgniter\Database\BaseConnection->simpleQuery('INSERT INTO `qu...')
#3 D:\xampp\htdocs\ITE311-SIGNAR\system\Database\BaseBuilder.php(1841): CodeIgniter\Database\BaseConnection->query('INSERT INTO `qu...', NULL, false)
#4 D:\xampp\htdocs\ITE311-SIGNAR\system\Database\BaseBuilder.php(2230): CodeIgniter\Database\BaseBuilder->batchExecute('_insertBatch', 100)
#5 D:\xampp\htdocs\ITE311-SIGNAR\app\Database\Seeds\QuizSeeder.php(24): CodeIgniter\Database\BaseBuilder->insertBatch(Array)
#6 D:\xampp\htdocs\ITE311-SIGNAR\system\Database\Seeder.php(149): App\Database\Seeds\QuizSeeder->run()
#7 D:\xampp\htdocs\ITE311-SIGNAR\system\Commands\Database\Seed.php(79): CodeIgniter\Database\Seeder->call('App\\Database\\Se...')
#8 D:\xampp\htdocs\ITE311-SIGNAR\system\CLI\Commands.php(74): CodeIgniter\Commands\Database\Seed->run(Array)
#9 D:\xampp\htdocs\ITE311-SIGNAR\system\CLI\Console.php(47): CodeIgniter\CLI\Commands->run('db:seed', Array)
#10 D:\xampp\htdocs\ITE311-SIGNAR\system\Boot.php(388): CodeIgniter\CLI\Console->run()
#11 D:\xampp\htdocs\ITE311-SIGNAR\system\Boot.php(133): CodeIgniter\Boot::runCommand(Object(CodeIgniter\CLI\Console))
#12 D:\xampp\htdocs\ITE311-SIGNAR\spark(87): CodeIgniter\Boot::bootSpark(Object(Config\Paths))
#13 {main}
ERROR - 2025-08-19 12:23:13 --> mysqli_sql_exception: Cannot add or update a child row: a foreign key constraint fails (`lms_signar`.`submissions`, CONSTRAINT `submissions_ibfk_1` FOREIGN KEY (`quiz_id`) REFERENCES `quizzes` (`id`) ON DELETE CASCADE) in D:\xampp\htdocs\ITE311-SIGNAR\system\Database\MySQLi\Connection.php:327
Stack trace:
#0 D:\xampp\htdocs\ITE311-SIGNAR\system\Database\MySQLi\Connection.php(327): mysqli->query('INSERT INTO `su...', 0)
#1 D:\xampp\htdocs\ITE311-SIGNAR\system\Database\BaseConnection.php(729): CodeIgniter\Database\MySQLi\Connection->execute('INSERT INTO `su...')
#2 D:\xampp\htdocs\ITE311-SIGNAR\system\Database\BaseConnection.php(646): CodeIgniter\Database\BaseConnection->simpleQuery('INSERT INTO `su...')
#3 D:\xampp\htdocs\ITE311-SIGNAR\system\Database\BaseBuilder.php(1841): CodeIgniter\Database\BaseConnection->query('INSERT INTO `su...', NULL, false)
#4 D:\xampp\htdocs\ITE311-SIGNAR\system\Database\BaseBuilder.php(2230): CodeIgniter\Database\BaseBuilder->batchExecute('_insertBatch', 100)
#5 D:\xampp\htdocs\ITE311-SIGNAR\app\Database\Seeds\SubmissionSeeder.php(21): CodeIgniter\Database\BaseBuilder->insertBatch(Array)
#6 D:\xampp\htdocs\ITE311-SIGNAR\system\Database\Seeder.php(149): App\Database\Seeds\SubmissionSeeder->run()
#7 D:\xampp\htdocs\ITE311-SIGNAR\system\Commands\Database\Seed.php(79): CodeIgniter\Database\Seeder->call('App\\Database\\Se...')
#8 D:\xampp\htdocs\ITE311-SIGNAR\system\CLI\Commands.php(74): CodeIgniter\Commands\Database\Seed->run(Array)
#9 D:\xampp\htdocs\ITE311-SIGNAR\system\CLI\Console.php(47): CodeIgniter\CLI\Commands->run('db:seed', Array)
#10 D:\xampp\htdocs\ITE311-SIGNAR\system\Boot.php(388): CodeIgniter\CLI\Console->run()
#11 D:\xampp\htdocs\ITE311-SIGNAR\system\Boot.php(133): CodeIgniter\Boot::runCommand(Object(CodeIgniter\CLI\Console))
#12 D:\xampp\htdocs\ITE311-SIGNAR\spark(87): CodeIgniter\Boot::bootSpark(Object(Config\Paths))
#13 {main}
ERROR - 2025-08-19 12:26:17 --> mysqli_sql_exception: Duplicate entry 'admin@example.com' for key 'email' in D:\xampp\htdocs\ITE311-SIGNAR\system\Database\MySQLi\Connection.php:327
Stack trace:
#0 D:\xampp\htdocs\ITE311-SIGNAR\system\Database\MySQLi\Connection.php(327): mysqli->query('INSERT INTO `us...', 0)
#1 D:\xampp\htdocs\ITE311-SIGNAR\system\Database\BaseConnection.php(729): CodeIgniter\Database\MySQLi\Connection->execute('INSERT INTO `us...')
#2 D:\xampp\htdocs\ITE311-SIGNAR\system\Database\BaseConnection.php(646): CodeIgniter\Database\BaseConnection->simpleQuery('INSERT INTO `us...')
#3 D:\xampp\htdocs\ITE311-SIGNAR\system\Database\BaseBuilder.php(1841): CodeIgniter\Database\BaseConnection->query('INSERT INTO `us...', NULL, false)
#4 D:\xampp\htdocs\ITE311-SIGNAR\system\Database\BaseBuilder.php(2230): CodeIgniter\Database\BaseBuilder->batchExecute('_insertBatch', 100)
#5 D:\xampp\htdocs\ITE311-SIGNAR\app\Database\Seeds\UserSeeder.php(32): CodeIgniter\Database\BaseBuilder->insertBatch(Array)
#6 D:\xampp\htdocs\ITE311-SIGNAR\system\Database\Seeder.php(149): App\Database\Seeds\UserSeeder->run()
#7 D:\xampp\htdocs\ITE311-SIGNAR\system\Commands\Database\Seed.php(79): CodeIgniter\Database\Seeder->call('App\\Database\\Se...')
#8 D:\xampp\htdocs\ITE311-SIGNAR\system\CLI\Commands.php(74): CodeIgniter\Commands\Database\Seed->run(Array)
#9 D:\xampp\htdocs\ITE311-SIGNAR\system\CLI\Console.php(47): CodeIgniter\CLI\Commands->run('db:seed', Array)
#10 D:\xampp\htdocs\ITE311-SIGNAR\system\Boot.php(388): CodeIgniter\CLI\Console->run()
#11 D:\xampp\htdocs\ITE311-SIGNAR\system\Boot.php(133): CodeIgniter\Boot::runCommand(Object(CodeIgniter\CLI\Console))
#12 D:\xampp\htdocs\ITE311-SIGNAR\spark(87): CodeIgniter\Boot::bootSpark(Object(Config\Paths))
#13 {main}
ERROR - 2025-08-19 12:26:18 --> mysqli_sql_exception: Unknown column 'answer' in 'field list' in D:\xampp\htdocs\ITE311-SIGNAR\system\Database\MySQLi\Connection.php:327
Stack trace:
#0 D:\xampp\htdocs\ITE311-SIGNAR\system\Database\MySQLi\Connection.php(327): mysqli->query('INSERT INTO `qu...', 0)
#1 D:\xampp\htdocs\ITE311-SIGNAR\system\Database\BaseConnection.php(729): CodeIgniter\Database\MySQLi\Connection->execute('INSERT INTO `qu...')
#2 D:\xampp\htdocs\ITE311-SIGNAR\system\Database\BaseConnection.php(646): CodeIgniter\Database\BaseConnection->simpleQuery('INSERT INTO `qu...')
#3 D:\xampp\htdocs\ITE311-SIGNAR\system\Database\BaseBuilder.php(1841): CodeIgniter\Database\BaseConnection->query('INSERT INTO `qu...', NULL, false)
#4 D:\xampp\htdocs\ITE311-SIGNAR\system\Database\BaseBuilder.php(2230): CodeIgniter\Database\BaseBuilder->batchExecute('_insertBatch', 100)
#5 D:\xampp\htdocs\ITE311-SIGNAR\app\Database\Seeds\QuizSeeder.php(24): CodeIgniter\Database\BaseBuilder->insertBatch(Array)
#6 D:\xampp\htdocs\ITE311-SIGNAR\system\Database\Seeder.php(149): App\Database\Seeds\QuizSeeder->run()
#7 D:\xampp\htdocs\ITE311-SIGNAR\system\Commands\Database\Seed.php(79): CodeIgniter\Database\Seeder->call('App\\Database\\Se...')
#8 D:\xampp\htdocs\ITE311-SIGNAR\system\CLI\Commands.php(74): CodeIgniter\Commands\Database\Seed->run(Array)
#9 D:\xampp\htdocs\ITE311-SIGNAR\system\CLI\Console.php(47): CodeIgniter\CLI\Commands->run('db:seed', Array)
#10 D:\xampp\htdocs\ITE311-SIGNAR\system\Boot.php(388): CodeIgniter\CLI\Console->run()
#11 D:\xampp\htdocs\ITE311-SIGNAR\system\Boot.php(133): CodeIgniter\Boot::runCommand(Object(CodeIgniter\CLI\Console))
#12 D:\xampp\htdocs\ITE311-SIGNAR\spark(87): CodeIgniter\Boot::bootSpark(Object(Config\Paths))
#13 {main}
ERROR - 2025-08-19 12:26:19 --> mysqli_sql_exception: Unknown column 'question' in 'where clause' in D:\xampp\htdocs\ITE311-SIGNAR\system\Database\MySQLi\Connection.php:327
Stack trace:
#0 D:\xampp\htdocs\ITE311-SIGNAR\system\Database\MySQLi\Connection.php(327): mysqli->query('SELECT *\nFROM `...', 0)
#1 D:\xampp\htdocs\ITE311-SIGNAR\system\Database\BaseConnection.php(729): CodeIgniter\Database\MySQLi\Connection->execute('SELECT *\nFROM `...')
#2 D:\xampp\htdocs\ITE311-SIGNAR\system\Database\BaseConnection.php(646): CodeIgniter\Database\BaseConnection->simpleQuery('SELECT *\nFROM `...')
#3 D:\xampp\htdocs\ITE311-SIGNAR\system\Database\BaseBuilder.php(1787): CodeIgniter\Database\BaseConnection->query('SELECT *\nFROM `...', Array, false)
#4 D:\xampp\htdocs\ITE311-SIGNAR\app\Database\Seeds\SubmissionSeeder.php(12): CodeIgniter\Database\BaseBuilder->getWhere(Array)
#5 D:\xampp\htdocs\ITE311-SIGNAR\system\Database\Seeder.php(149): App\Database\Seeds\SubmissionSeeder->run()
#6 D:\xampp\htdocs\ITE311-SIGNAR\system\Commands\Database\Seed.php(79): CodeIgniter\Database\Seeder->call('App\\Database\\Se...')
#7 D:\xampp\htdocs\ITE311-SIGNAR\system\CLI\Commands.php(74): CodeIgniter\Commands\Database\Seed->run(Array)
#8 D:\xampp\htdocs\ITE311-SIGNAR\system\CLI\Console.php(47): CodeIgniter\CLI\Commands->run('db:seed', Array)
#9 D:\xampp\htdocs\ITE311-SIGNAR\system\Boot.php(388): CodeIgniter\CLI\Console->run()
#10 D:\xampp\htdocs\ITE311-SIGNAR\system\Boot.php(133): CodeIgniter\Boot::runCommand(Object(CodeIgniter\CLI\Console))
#11 D:\xampp\htdocs\ITE311-SIGNAR\spark(87): CodeIgniter\Boot::bootSpark(Object(Config\Paths))
#12 {main}
ERROR - 2025-08-19 12:31:22 --> mysqli_sql_exception: Unknown column 'answer' in 'field list' in D:\xampp\htdocs\ITE311-SIGNAR\system\Database\MySQLi\Connection.php:327
Stack trace:
#0 D:\xampp\htdocs\ITE311-SIGNAR\system\Database\MySQLi\Connection.php(327): mysqli->query('INSERT INTO `qu...', 0)
#1 D:\xampp\htdocs\ITE311-SIGNAR\system\Database\BaseConnection.php(729): CodeIgniter\Database\MySQLi\Connection->execute('INSERT INTO `qu...')
#2 D:\xampp\htdocs\ITE311-SIGNAR\system\Database\BaseConnection.php(646): CodeIgniter\Database\BaseConnection->simpleQuery('INSERT INTO `qu...')
#3 D:\xampp\htdocs\ITE311-SIGNAR\system\Database\BaseBuilder.php(1841): CodeIgniter\Database\BaseConnection->query('INSERT INTO `qu...', NULL, false)
#4 D:\xampp\htdocs\ITE311-SIGNAR\system\Database\BaseBuilder.php(2230): CodeIgniter\Database\BaseBuilder->batchExecute('_insertBatch', 100)
#5 D:\xampp\htdocs\ITE311-SIGNAR\app\Database\Seeds\QuizSeeder.php(24): CodeIgniter\Database\BaseBuilder->insertBatch(Array)
#6 D:\xampp\htdocs\ITE311-SIGNAR\system\Database\Seeder.php(149): App\Database\Seeds\QuizSeeder->run()
#7 D:\xampp\htdocs\ITE311-SIGNAR\system\Commands\Database\Seed.php(79): CodeIgniter\Database\Seeder->call('App\\Database\\Se...')
#8 D:\xampp\htdocs\ITE311-SIGNAR\system\CLI\Commands.php(74): CodeIgniter\Commands\Database\Seed->run(Array)
#9 D:\xampp\htdocs\ITE311-SIGNAR\system\CLI\Console.php(47): CodeIgniter\CLI\Commands->run('db:seed', Array)
#10 D:\xampp\htdocs\ITE311-SIGNAR\system\Boot.php(388): CodeIgniter\CLI\Console->run()
#11 D:\xampp\htdocs\ITE311-SIGNAR\system\Boot.php(133): CodeIgniter\Boot::runCommand(Object(CodeIgniter\CLI\Console))
#12 D:\xampp\htdocs\ITE311-SIGNAR\spark(87): CodeIgniter\Boot::bootSpark(Object(Config\Paths))
#13 {main}
ERROR - 2025-08-19 12:33:41 --> mysqli_sql_exception: Unknown column 'answer' in 'field list' in D:\xampp\htdocs\ITE311-SIGNAR\system\Database\MySQLi\Connection.php:327
Stack trace:
#0 D:\xampp\htdocs\ITE311-SIGNAR\system\Database\MySQLi\Connection.php(327): mysqli->query('INSERT INTO `qu...', 0)
#1 D:\xampp\htdocs\ITE311-SIGNAR\system\Database\BaseConnection.php(729): CodeIgniter\Database\MySQLi\Connection->execute('INSERT INTO `qu...')
#2 D:\xampp\htdocs\ITE311-SIGNAR\system\Database\BaseConnection.php(646): CodeIgniter\Database\BaseConnection->simpleQuery('INSERT INTO `qu...')
#3 D:\xampp\htdocs\ITE311-SIGNAR\system\Database\BaseBuilder.php(1841): CodeIgniter\Database\BaseConnection->query('INSERT INTO `qu...', NULL, false)
#4 D:\xampp\htdocs\ITE311-SIGNAR\system\Database\BaseBuilder.php(2230): CodeIgniter\Database\BaseBuilder->batchExecute('_insertBatch', 100)
#5 D:\xampp\htdocs\ITE311-SIGNAR\app\Database\Seeds\QuizSeeder.php(24): CodeIgniter\Database\BaseBuilder->insertBatch(Array)
#6 D:\xampp\htdocs\ITE311-SIGNAR\system\Database\Seeder.php(149): App\Database\Seeds\QuizSeeder->run()
#7 D:\xampp\htdocs\ITE311-SIGNAR\system\Commands\Database\Seed.php(79): CodeIgniter\Database\Seeder->call('App\\Database\\Se...')
#8 D:\xampp\htdocs\ITE311-SIGNAR\system\CLI\Commands.php(74): CodeIgniter\Commands\Database\Seed->run(Array)
#9 D:\xampp\htdocs\ITE311-SIGNAR\system\CLI\Console.php(47): CodeIgniter\CLI\Commands->run('db:seed', Array)
#10 D:\xampp\htdocs\ITE311-SIGNAR\system\Boot.php(388): CodeIgniter\CLI\Console->run()
#11 D:\xampp\htdocs\ITE311-SIGNAR\system\Boot.php(133): CodeIgniter\Boot::runCommand(Object(CodeIgniter\CLI\Console))
#12 D:\xampp\htdocs\ITE311-SIGNAR\spark(87): CodeIgniter\Boot::bootSpark(Object(Config\Paths))
#13 {main}
ERROR - 2025-08-19 12:34:43 --> mysqli_sql_exception: Unknown column 'course_id' in 'field list' in D:\xampp\htdocs\ITE311-SIGNAR\system\Database\MySQLi\Connection.php:327
Stack trace:
#0 D:\xampp\htdocs\ITE311-SIGNAR\system\Database\MySQLi\Connection.php(327): mysqli->query('INSERT INTO `qu...', 0)
#1 D:\xampp\htdocs\ITE311-SIGNAR\system\Database\BaseConnection.php(729): CodeIgniter\Database\MySQLi\Connection->execute('INSERT INTO `qu...')
#2 D:\xampp\htdocs\ITE311-SIGNAR\system\Database\BaseConnection.php(646): CodeIgniter\Database\BaseConnection->simpleQuery('INSERT INTO `qu...')
#3 D:\xampp\htdocs\ITE311-SIGNAR\system\Database\BaseBuilder.php(1841): CodeIgniter\Database\BaseConnection->query('INSERT INTO `qu...', NULL, false)
#4 D:\xampp\htdocs\ITE311-SIGNAR\system\Database\BaseBuilder.php(2230): CodeIgniter\Database\BaseBuilder->batchExecute('_insertBatch', 100)
#5 D:\xampp\htdocs\ITE311-SIGNAR\app\Database\Seeds\QuizSeeder.php(23): CodeIgniter\Database\BaseBuilder->insertBatch(Array)
#6 D:\xampp\htdocs\ITE311-SIGNAR\system\Database\Seeder.php(149): App\Database\Seeds\QuizSeeder->run()
#7 D:\xampp\htdocs\ITE311-SIGNAR\system\Commands\Database\Seed.php(79): CodeIgniter\Database\Seeder->call('App\\Database\\Se...')
#8 D:\xampp\htdocs\ITE311-SIGNAR\system\CLI\Commands.php(74): CodeIgniter\Commands\Database\Seed->run(Array)
#9 D:\xampp\htdocs\ITE311-SIGNAR\system\CLI\Console.php(47): CodeIgniter\CLI\Commands->run('db:seed', Array)
#10 D:\xampp\htdocs\ITE311-SIGNAR\system\Boot.php(388): CodeIgniter\CLI\Console->run()
#11 D:\xampp\htdocs\ITE311-SIGNAR\system\Boot.php(133): CodeIgniter\Boot::runCommand(Object(CodeIgniter\CLI\Console))
#12 D:\xampp\htdocs\ITE311-SIGNAR\spark(87): CodeIgniter\Boot::bootSpark(Object(Config\Paths))
#13 {main}
ERROR - 2025-08-19 12:50:49 --> mysqli_sql_exception: Duplicate entry 'admin@example.com' for key 'email' in D:\xampp\htdocs\ITE311-SIGNAR\system\Database\MySQLi\Connection.php:327
Stack trace:
#0 D:\xampp\htdocs\ITE311-SIGNAR\system\Database\MySQLi\Connection.php(327): mysqli->query('INSERT INTO `us...', 0)
#1 D:\xampp\htdocs\ITE311-SIGNAR\system\Database\BaseConnection.php(729): CodeIgniter\Database\MySQLi\Connection->execute('INSERT INTO `us...')
#2 D:\xampp\htdocs\ITE311-SIGNAR\system\Database\BaseConnection.php(646): CodeIgniter\Database\BaseConnection->simpleQuery('INSERT INTO `us...')
#3 D:\xampp\htdocs\ITE311-SIGNAR\system\Database\BaseBuilder.php(1841): CodeIgniter\Database\BaseConnection->query('INSERT INTO `us...', NULL, false)
#4 D:\xampp\htdocs\ITE311-SIGNAR\system\Database\BaseBuilder.php(2230): CodeIgniter\Database\BaseBuilder->batchExecute('_insertBatch', 100)
#5 D:\xampp\htdocs\ITE311-SIGNAR\app\Database\Seeds\UserSeeder.php(32): CodeIgniter\Database\BaseBuilder->insertBatch(Array)
#6 D:\xampp\htdocs\ITE311-SIGNAR\system\Database\Seeder.php(149): App\Database\Seeds\UserSeeder->run()
#7 D:\xampp\htdocs\ITE311-SIGNAR\system\Commands\Database\Seed.php(79): CodeIgniter\Database\Seeder->call('App\\Database\\Se...')
#8 D:\xampp\htdocs\ITE311-SIGNAR\system\CLI\Commands.php(74): CodeIgniter\Commands\Database\Seed->run(Array)
#9 D:\xampp\htdocs\ITE311-SIGNAR\system\CLI\Console.php(47): CodeIgniter\CLI\Commands->run('db:seed', Array)
#10 D:\xampp\htdocs\ITE311-SIGNAR\system\Boot.php(388): CodeIgniter\CLI\Console->run()
#11 D:\xampp\htdocs\ITE311-SIGNAR\system\Boot.php(133): CodeIgniter\Boot::runCommand(Object(CodeIgniter\CLI\Console))
#12 D:\xampp\htdocs\ITE311-SIGNAR\spark(87): CodeIgniter\Boot::bootSpark(Object(Config\Paths))
#13 {main}
